c:\win_driver_copy\audio\sysvad\arm64\release\package\sysvad.cat
c:\win_driver_copy\audio\sysvad\arm64\release\package.cer
c:\win_driver_copy\audio\sysvad\package\arm64\release\package.tlog\drvcat.command.1.tlog
c:\win_driver_copy\audio\sysvad\package\arm64\release\package.tlog\drvcat.read.1.tlog
c:\win_driver_copy\audio\sysvad\package\arm64\release\package.tlog\drvcat.write.1.tlog
c:\win_driver_copy\audio\sysvad\package\arm64\release\package.tlog\inf2cat-expand.11604.read.1.tlog
c:\win_driver_copy\audio\sysvad\package\arm64\release\package.tlog\inf2cat-expand.11604.write.1.tlog
c:\win_driver_copy\audio\sysvad\package\arm64\release\package.tlog\inf2cat-expand.11884.read.1.tlog
c:\win_driver_copy\audio\sysvad\package\arm64\release\package.tlog\inf2cat-expand.11884.write.1.tlog
c:\win_driver_copy\audio\sysvad\package\arm64\release\package.tlog\inf2cat-expand.12280.read.1.tlog
c:\win_driver_copy\audio\sysvad\package\arm64\release\package.tlog\inf2cat-expand.12280.write.1.tlog
c:\win_driver_copy\audio\sysvad\package\arm64\release\package.tlog\inf2cat-expand.1356.read.1.tlog
c:\win_driver_copy\audio\sysvad\package\arm64\release\package.tlog\inf2cat-expand.1356.write.1.tlog
c:\win_driver_copy\audio\sysvad\package\arm64\release\package.tlog\inf2cat-expand.14904.read.1.tlog
c:\win_driver_copy\audio\sysvad\package\arm64\release\package.tlog\inf2cat-expand.14904.write.1.tlog
c:\win_driver_copy\audio\sysvad\package\arm64\release\package.tlog\inf2cat-expand.14940.read.1.tlog
c:\win_driver_copy\audio\sysvad\package\arm64\release\package.tlog\inf2cat-expand.14940.write.1.tlog
c:\win_driver_copy\audio\sysvad\package\arm64\release\package.tlog\inf2cat-expand.14960.read.1.tlog
c:\win_driver_copy\audio\sysvad\package\arm64\release\package.tlog\inf2cat-expand.14960.write.1.tlog
c:\win_driver_copy\audio\sysvad\package\arm64\release\package.tlog\inf2cat-expand.15068.read.1.tlog
c:\win_driver_copy\audio\sysvad\package\arm64\release\package.tlog\inf2cat-expand.15068.write.1.tlog
c:\win_driver_copy\audio\sysvad\package\arm64\release\package.tlog\inf2cat-expand.1984.read.1.tlog
c:\win_driver_copy\audio\sysvad\package\arm64\release\package.tlog\inf2cat-expand.1984.write.1.tlog
c:\win_driver_copy\audio\sysvad\package\arm64\release\package.tlog\inf2cat-expand.2108.read.1.tlog
c:\win_driver_copy\audio\sysvad\package\arm64\release\package.tlog\inf2cat-expand.2108.write.1.tlog
c:\win_driver_copy\audio\sysvad\package\arm64\release\package.tlog\inf2cat-expand.2404.read.1.tlog
c:\win_driver_copy\audio\sysvad\package\arm64\release\package.tlog\inf2cat-expand.2404.write.1.tlog
c:\win_driver_copy\audio\sysvad\package\arm64\release\package.tlog\inf2cat-expand.4116.read.1.tlog
c:\win_driver_copy\audio\sysvad\package\arm64\release\package.tlog\inf2cat-expand.4116.write.1.tlog
c:\win_driver_copy\audio\sysvad\package\arm64\release\package.tlog\inf2cat-expand.8564.read.1.tlog
c:\win_driver_copy\audio\sysvad\package\arm64\release\package.tlog\inf2cat-expand.8564.write.1.tlog
c:\win_driver_copy\audio\sysvad\package\arm64\release\package.tlog\inf2cat-expand.8636.read.1.tlog
c:\win_driver_copy\audio\sysvad\package\arm64\release\package.tlog\inf2cat-expand.8636.write.1.tlog
c:\win_driver_copy\audio\sysvad\package\arm64\release\package.tlog\inf2cat-expand.9088.read.1.tlog
c:\win_driver_copy\audio\sysvad\package\arm64\release\package.tlog\inf2cat-expand.9088.write.1.tlog
c:\win_driver_copy\audio\sysvad\package\arm64\release\package.tlog\inf2cat-expand.9164.read.1.tlog
c:\win_driver_copy\audio\sysvad\package\arm64\release\package.tlog\inf2cat-expand.9164.write.1.tlog
c:\win_driver_copy\audio\sysvad\package\arm64\release\package.tlog\inf2cat-expand.9304.read.1.tlog
c:\win_driver_copy\audio\sysvad\package\arm64\release\package.tlog\inf2cat-expand.9304.write.1.tlog
c:\win_driver_copy\audio\sysvad\package\arm64\release\package.tlog\inf2cat-expand.read.1.tlog
c:\win_driver_copy\audio\sysvad\package\arm64\release\package.tlog\inf2cat-expand.write.1.tlog
c:\win_driver_copy\audio\sysvad\package\arm64\release\package.tlog\inf2cat.command.1.tlog
c:\win_driver_copy\audio\sysvad\package\arm64\release\package.tlog\inf2cat.read.1.tlog
c:\win_driver_copy\audio\sysvad\package\arm64\release\package.tlog\inf2cat.write.1.tlog
c:\win_driver_copy\audio\sysvad\package\arm64\release\package.tlog\signtool.command.1.tlog
c:\win_driver_copy\audio\sysvad\package\arm64\release\package.tlog\signtool.read.1.tlog
c:\win_driver_copy\audio\sysvad\package\arm64\release\package.tlog\signtool.timestamp.1.tlog
c:\win_driver_copy\audio\sysvad\package\arm64\release\package.tlog\signtool.write.1.tlog
