c:\win_driver_copy\audio\sysvad\tabletaudiosample\arm64\debug\vc143.pdb
c:\win_driver_copy\audio\sysvad\tabletaudiosample\arm64\debug\spdiftopo.obj
c:\win_driver_copy\audio\sysvad\tabletaudiosample\arm64\debug\micintopo.obj
c:\win_driver_copy\audio\sysvad\tabletaudiosample\arm64\debug\hdmitopo.obj
c:\win_driver_copy\audio\sysvad\tabletaudiosample\arm64\debug\audiovolumecontroldispatch.obj
c:\win_driver_copy\audio\sysvad\tabletaudiosample\arm64\debug\audiovolumecontrol.obj
c:\win_driver_copy\audio\sysvad\tabletaudiosample\arm64\debug\usbhsdevice.obj
c:\win_driver_copy\audio\sysvad\tabletaudiosample\arm64\debug\tonegenerator.obj
c:\win_driver_copy\audio\sysvad\tabletaudiosample\arm64\debug\savedata.obj
c:\win_driver_copy\audio\sysvad\tabletaudiosample\arm64\debug\kshelper.obj
c:\win_driver_copy\audio\sysvad\tabletaudiosample\arm64\debug\hw.obj
c:\win_driver_copy\audio\sysvad\tabletaudiosample\arm64\debug\common.obj
c:\win_driver_copy\audio\sysvad\tabletaudiosample\arm64\debug\bthhfpdevice.obj
c:\win_driver_copy\audio\sysvad\tabletaudiosample\arm64\debug\basetopo.obj
c:\win_driver_copy\audio\sysvad\tabletaudiosample\arm64\debug\adapter.obj
c:\win_driver_copy\audio\sysvad\tabletaudiosample\arm64\debug\a2dphpdevice.obj
c:\win_driver_copy\audio\sysvad\tabletaudiosample\arm64\debug\tabletaudiosample.sys
c:\win_driver_copy\audio\sysvad\tabletaudiosample\arm64\debug\tabletaudiosample.pdb
c:\win_driver_copy\audio\sysvad\tabletaudiosample\arm64\debug\tabletaudiosample.res
c:\win_driver_copy\audio\sysvad\tabletaudiosample\arm64\debug\componentizedaposample.inf
c:\win_driver_copy\audio\sysvad\tabletaudiosample\arm64\debug\componentizedaudiosample.inf
c:\win_driver_copy\audio\sysvad\tabletaudiosample\arm64\debug\componentizedaudiosampleextension.inf
c:\win_driver_copy\audio\sysvad\tabletaudiosample\arm64\debug\tabletaudiosample.iobj
c:\win_driver_copy\audio\sysvad\tabletaudiosample\arm64\debug\tabletau.e4df0eee.tlog\cl.command.1.tlog
c:\win_driver_copy\audio\sysvad\tabletaudiosample\arm64\debug\tabletau.e4df0eee.tlog\cl.items.tlog
c:\win_driver_copy\audio\sysvad\tabletaudiosample\arm64\debug\tabletau.e4df0eee.tlog\cl.read.1.tlog
c:\win_driver_copy\audio\sysvad\tabletaudiosample\arm64\debug\tabletau.e4df0eee.tlog\cl.write.1.tlog
c:\win_driver_copy\audio\sysvad\tabletaudiosample\arm64\debug\tabletau.e4df0eee.tlog\link.command.1.tlog
c:\win_driver_copy\audio\sysvad\tabletaudiosample\arm64\debug\tabletau.e4df0eee.tlog\link.read.1.tlog
c:\win_driver_copy\audio\sysvad\tabletaudiosample\arm64\debug\tabletau.e4df0eee.tlog\link.secondary.1.tlog
c:\win_driver_copy\audio\sysvad\tabletaudiosample\arm64\debug\tabletau.e4df0eee.tlog\link.write.1.tlog
c:\win_driver_copy\audio\sysvad\tabletaudiosample\arm64\debug\tabletau.e4df0eee.tlog\rc.command.1.tlog
c:\win_driver_copy\audio\sysvad\tabletaudiosample\arm64\debug\tabletau.e4df0eee.tlog\rc.read.1.tlog
c:\win_driver_copy\audio\sysvad\tabletaudiosample\arm64\debug\tabletau.e4df0eee.tlog\rc.write.1.tlog
c:\win_driver_copy\audio\sysvad\tabletaudiosample\arm64\debug\tabletau.e4df0eee.tlog\signtool.command.1.tlog
c:\win_driver_copy\audio\sysvad\tabletaudiosample\arm64\debug\tabletau.e4df0eee.tlog\signtool.read.1.tlog
c:\win_driver_copy\audio\sysvad\tabletaudiosample\arm64\debug\tabletau.e4df0eee.tlog\signtool.timestamp.1.tlog
c:\win_driver_copy\audio\sysvad\tabletaudiosample\arm64\debug\tabletau.e4df0eee.tlog\signtool.write.1.tlog
c:\win_driver_copy\audio\sysvad\tabletaudiosample\arm64\debug\tabletau.e4df0eee.tlog\stampinf.command.1.tlog
c:\win_driver_copy\audio\sysvad\tabletaudiosample\arm64\debug\tabletau.e4df0eee.tlog\stampinf.read.1.tlog
c:\win_driver_copy\audio\sysvad\tabletaudiosample\arm64\debug\tabletau.e4df0eee.tlog\stampinf.write.1.tlog
