c:\win_driver_copy\audio\sysvad\keyworddetectoradapter\arm64\release\vc143.pdb
c:\win_driver_copy\audio\sysvad\keyworddetectoradapter\arm64\release\stdafx.obj
c:\win_driver_copy\audio\sysvad\keyworddetectoradapter\arm64\release\keyworddetectorcontosoadapter.obj
c:\win_driver_copy\audio\sysvad\keyworddetectoradapter\arm64\release\dllmain.obj
c:\win_driver_copy\audio\sysvad\keyworddetectoradapter\arm64\release\keyworddetectorcontosoadapter.dll
c:\win_driver_copy\audio\sysvad\keyworddetectoradapter\arm64\release\keyworddetectorcontosoadapter.pdb
c:\win_driver_copy\audio\sysvad\keyworddetectoradapter\arm64\release\keyworddetectorcontosoadapter.tlb
c:\win_driver_copy\audio\sysvad\keyworddetectoradapter\arm64\release\keyworddetectorcontosoadapter_i.c
c:\win_driver_copy\audio\sysvad\keyworddetectoradapter\arm64\release\keyworddetectorcontosoadapter.h
c:\win_driver_copy\audio\sysvad\keyworddetectoradapter\arm64\release\keyworddetectorcontosoadapter.res
c:\win_driver_copy\audio\sysvad\keyworddetectoradapter\arm64\release\keyworddetectorcontosoadapter.lib
c:\win_driver_copy\audio\sysvad\keyworddetectoradapter\arm64\release\keyworddetectorcontosoadapter.exp
c:\win_driver_copy\audio\sysvad\keyworddetectoradapter\arm64\release\keyworddetectorcontosoadapter.iobj
c:\win_driver_copy\audio\sysvad\keyworddetectoradapter\arm64\release\keywordd.e0f02048.tlog\cl.command.1.tlog
c:\win_driver_copy\audio\sysvad\keyworddetectoradapter\arm64\release\keywordd.e0f02048.tlog\cl.items.tlog
c:\win_driver_copy\audio\sysvad\keyworddetectoradapter\arm64\release\keywordd.e0f02048.tlog\cl.read.1.tlog
c:\win_driver_copy\audio\sysvad\keyworddetectoradapter\arm64\release\keywordd.e0f02048.tlog\cl.write.1.tlog
c:\win_driver_copy\audio\sysvad\keyworddetectoradapter\arm64\release\keywordd.e0f02048.tlog\link.command.1.tlog
c:\win_driver_copy\audio\sysvad\keyworddetectoradapter\arm64\release\keywordd.e0f02048.tlog\link.read.1.tlog
c:\win_driver_copy\audio\sysvad\keyworddetectoradapter\arm64\release\keywordd.e0f02048.tlog\link.secondary.1.tlog
c:\win_driver_copy\audio\sysvad\keyworddetectoradapter\arm64\release\keywordd.e0f02048.tlog\link.write.1.tlog
c:\win_driver_copy\audio\sysvad\keyworddetectoradapter\arm64\release\keywordd.e0f02048.tlog\midl.command.1.tlog
c:\win_driver_copy\audio\sysvad\keyworddetectoradapter\arm64\release\keywordd.e0f02048.tlog\midl.read.1.tlog
c:\win_driver_copy\audio\sysvad\keyworddetectoradapter\arm64\release\keywordd.e0f02048.tlog\midl.write.1.tlog
c:\win_driver_copy\audio\sysvad\keyworddetectoradapter\arm64\release\keywordd.e0f02048.tlog\rc.command.1.tlog
c:\win_driver_copy\audio\sysvad\keyworddetectoradapter\arm64\release\keywordd.e0f02048.tlog\rc.read.1.tlog
c:\win_driver_copy\audio\sysvad\keyworddetectoradapter\arm64\release\keywordd.e0f02048.tlog\rc.write.1.tlog
