c:\win_driver_copy\audio\sysvad\tabletaudiosample\audiofilterdriver\arm64\release\vc143.pdb
c:\win_driver_copy\audio\sysvad\tabletaudiosample\audiofilterdriver\arm64\release\filtertopology.obj
c:\win_driver_copy\audio\sysvad\tabletaudiosample\audiofilterdriver\arm64\release\driverentry.obj
c:\win_driver_copy\audio\sysvad\tabletaudiosample\audiofilterdriver\arm64\release\applyaudioprocessing.obj
c:\win_driver_copy\audio\sysvad\tabletaudiosample\audiofilterdriver\arm64\release\eq.obj
c:\win_driver_copy\audio\sysvad\tabletaudiosample\audiofilterdriver\arm64\release\audiovolumeprocessor.obj
c:\win_driver_copy\audio\sysvad\tabletaudiosample\audiofilterdriver\arm64\release\audioeqdispatch.obj
c:\win_driver_copy\audio\sysvad\tabletaudiosample\audiofilterdriver\arm64\release\audioeqcontrol.obj
c:\win_driver_copy\audio\sysvad\tabletaudiosample\audiofilterdriver\arm64\release\audiocontroldispatch.obj
c:\win_driver_copy\audio\sysvad\tabletaudiosample\audiofilterdriver\arm64\release\audiocontrolcore.obj
c:\win_driver_copy\audio\sysvad\arm64\release\audiofilterdriver\audiofilterdriver.cat
c:\win_driver_copy\audio\sysvad\arm64\release\audiofilterdriver.sys
c:\win_driver_copy\audio\sysvad\arm64\release\audiofilterdriver.pdb
c:\win_driver_copy\audio\sysvad\tabletaudiosample\audiofilterdriver\arm64\release\audiofilterdriver.inf
c:\win_driver_copy\audio\sysvad\tabletaudiosample\audiofilterdriver\arm64\release\audiofilterdriver.iobj
c:\win_driver_copy\audio\sysvad\arm64\release\audiofilterdriver.cer
c:\win_driver_copy\audio\sysvad\arm64\release\audiofilterdriver.inf
c:\win_driver_copy\audio\sysvad\tabletaudiosample\audiofilterdriver\arm64\release\audiofil.370cee98.tlog\cl.command.1.tlog
c:\win_driver_copy\audio\sysvad\tabletaudiosample\audiofilterdriver\arm64\release\audiofil.370cee98.tlog\cl.items.tlog
c:\win_driver_copy\audio\sysvad\tabletaudiosample\audiofilterdriver\arm64\release\audiofil.370cee98.tlog\cl.read.1.tlog
c:\win_driver_copy\audio\sysvad\tabletaudiosample\audiofilterdriver\arm64\release\audiofil.370cee98.tlog\cl.write.1.tlog
c:\win_driver_copy\audio\sysvad\tabletaudiosample\audiofilterdriver\arm64\release\audiofil.370cee98.tlog\drvcat.command.1.tlog
c:\win_driver_copy\audio\sysvad\tabletaudiosample\audiofilterdriver\arm64\release\audiofil.370cee98.tlog\drvcat.read.1.tlog
c:\win_driver_copy\audio\sysvad\tabletaudiosample\audiofilterdriver\arm64\release\audiofil.370cee98.tlog\drvcat.write.1.tlog
c:\win_driver_copy\audio\sysvad\tabletaudiosample\audiofilterdriver\arm64\release\audiofil.370cee98.tlog\inf2cat-expand.9980.read.1.tlog
c:\win_driver_copy\audio\sysvad\tabletaudiosample\audiofilterdriver\arm64\release\audiofil.370cee98.tlog\inf2cat-expand.9980.write.1.tlog
c:\win_driver_copy\audio\sysvad\tabletaudiosample\audiofilterdriver\arm64\release\audiofil.370cee98.tlog\inf2cat-expand.read.1.tlog
c:\win_driver_copy\audio\sysvad\tabletaudiosample\audiofilterdriver\arm64\release\audiofil.370cee98.tlog\inf2cat-expand.write.1.tlog
c:\win_driver_copy\audio\sysvad\tabletaudiosample\audiofilterdriver\arm64\release\audiofil.370cee98.tlog\inf2cat.command.1.tlog
c:\win_driver_copy\audio\sysvad\tabletaudiosample\audiofilterdriver\arm64\release\audiofil.370cee98.tlog\inf2cat.read.1.tlog
c:\win_driver_copy\audio\sysvad\tabletaudiosample\audiofilterdriver\arm64\release\audiofil.370cee98.tlog\inf2cat.write.1.tlog
c:\win_driver_copy\audio\sysvad\tabletaudiosample\audiofilterdriver\arm64\release\audiofil.370cee98.tlog\link.command.1.tlog
c:\win_driver_copy\audio\sysvad\tabletaudiosample\audiofilterdriver\arm64\release\audiofil.370cee98.tlog\link.read.1.tlog
c:\win_driver_copy\audio\sysvad\tabletaudiosample\audiofilterdriver\arm64\release\audiofil.370cee98.tlog\link.secondary.1.tlog
c:\win_driver_copy\audio\sysvad\tabletaudiosample\audiofilterdriver\arm64\release\audiofil.370cee98.tlog\link.write.1.tlog
c:\win_driver_copy\audio\sysvad\tabletaudiosample\audiofilterdriver\arm64\release\audiofil.370cee98.tlog\signtool.command.1.tlog
c:\win_driver_copy\audio\sysvad\tabletaudiosample\audiofilterdriver\arm64\release\audiofil.370cee98.tlog\signtool.read.1.tlog
c:\win_driver_copy\audio\sysvad\tabletaudiosample\audiofilterdriver\arm64\release\audiofil.370cee98.tlog\signtool.timestamp.1.tlog
c:\win_driver_copy\audio\sysvad\tabletaudiosample\audiofilterdriver\arm64\release\audiofil.370cee98.tlog\signtool.write.1.tlog
c:\win_driver_copy\audio\sysvad\tabletaudiosample\audiofilterdriver\arm64\release\audiofil.370cee98.tlog\stampinf.command.1.tlog
c:\win_driver_copy\audio\sysvad\tabletaudiosample\audiofilterdriver\arm64\release\audiofil.370cee98.tlog\stampinf.read.1.tlog
c:\win_driver_copy\audio\sysvad\tabletaudiosample\audiofilterdriver\arm64\release\audiofil.370cee98.tlog\stampinf.write.1.tlog
