c:\win_driver_copy\audio\sysvad\apo\swapapo\arm64\release\vc143.pdb
c:\win_driver_copy\audio\sysvad\apo\swapapo\arm64\release\swapaposfx.obj
c:\win_driver_copy\audio\sysvad\apo\swapapo\arm64\release\swapapomfx.obj
c:\win_driver_copy\audio\sysvad\apo\swapapo\arm64\release\swapapodll.obj
c:\win_driver_copy\audio\sysvad\apo\swapapo\arm64\release\swap.obj
c:\win_driver_copy\audio\sysvad\apo\swapapo\arm64\release\swapapo.dll
c:\win_driver_copy\audio\sysvad\apo\swapapo\arm64\release\swapapo.pdb
c:\win_driver_copy\audio\sysvad\apo\swapapo\arm64\release\swapapodll.tlb
c:\win_driver_copy\audio\sysvad\apo\swapapo\arm64\release\swapapodll_i.c
c:\win_driver_copy\audio\sysvad\apo\swapapo\arm64\release\swapapodll.h
c:\win_driver_copy\audio\sysvad\apo\swapapo\arm64\release\swapapointerface_p.c
c:\win_driver_copy\audio\sysvad\apo\swapapo\arm64\release\swapapointerface_i.c
c:\win_driver_copy\audio\sysvad\apo\swapapo\arm64\release\swapapointerface.h
c:\win_driver_copy\audio\sysvad\apo\swapapo\arm64\release\swapapodll.res
c:\win_driver_copy\audio\sysvad\apo\swapapo\arm64\release\swapapo.lib
c:\win_driver_copy\audio\sysvad\apo\swapapo\arm64\release\swapapo.exp
c:\win_driver_copy\audio\sysvad\apo\swapapo\arm64\release\swapapo.iobj
c:\win_driver_copy\audio\sysvad\apo\swapapo\arm64\release\swapapo.tlog\cl.command.1.tlog
c:\win_driver_copy\audio\sysvad\apo\swapapo\arm64\release\swapapo.tlog\cl.items.tlog
c:\win_driver_copy\audio\sysvad\apo\swapapo\arm64\release\swapapo.tlog\cl.read.1.tlog
c:\win_driver_copy\audio\sysvad\apo\swapapo\arm64\release\swapapo.tlog\cl.write.1.tlog
c:\win_driver_copy\audio\sysvad\apo\swapapo\arm64\release\swapapo.tlog\link.command.1.tlog
c:\win_driver_copy\audio\sysvad\apo\swapapo\arm64\release\swapapo.tlog\link.read.1.tlog
c:\win_driver_copy\audio\sysvad\apo\swapapo\arm64\release\swapapo.tlog\link.secondary.1.tlog
c:\win_driver_copy\audio\sysvad\apo\swapapo\arm64\release\swapapo.tlog\link.write.1.tlog
c:\win_driver_copy\audio\sysvad\apo\swapapo\arm64\release\swapapo.tlog\midl.command.1.tlog
c:\win_driver_copy\audio\sysvad\apo\swapapo\arm64\release\swapapo.tlog\midl.read.1.tlog
c:\win_driver_copy\audio\sysvad\apo\swapapo\arm64\release\swapapo.tlog\midl.write.1.tlog
c:\win_driver_copy\audio\sysvad\apo\swapapo\arm64\release\swapapo.tlog\rc.command.1.tlog
c:\win_driver_copy\audio\sysvad\apo\swapapo\arm64\release\swapapo.tlog\rc.read.1.tlog
c:\win_driver_copy\audio\sysvad\apo\swapapo\arm64\release\swapapo.tlog\rc.write.1.tlog
