c:\win_driver_copy\audio\sysvad\apo\delayapo\arm64\debug\vc143.pdb
c:\win_driver_copy\audio\sysvad\apo\delayapo\arm64\debug\delayaposfx.obj
c:\win_driver_copy\audio\sysvad\apo\delayapo\arm64\debug\delayapomfx.obj
c:\win_driver_copy\audio\sysvad\apo\delayapo\arm64\debug\delayapodll.obj
c:\win_driver_copy\audio\sysvad\apo\delayapo\arm64\debug\delay.obj
c:\win_driver_copy\audio\sysvad\apo\delayapo\arm64\debug\delayapo.dll
c:\win_driver_copy\audio\sysvad\apo\delayapo\arm64\debug\delayapo.pdb
c:\win_driver_copy\audio\sysvad\apo\delayapo\arm64\debug\delayapodll.tlb
c:\win_driver_copy\audio\sysvad\apo\delayapo\arm64\debug\delayapodll_i.c
c:\win_driver_copy\audio\sysvad\apo\delayapo\arm64\debug\delayapodll.h
c:\win_driver_copy\audio\sysvad\apo\delayapo\arm64\debug\delayapointerface_p.c
c:\win_driver_copy\audio\sysvad\apo\delayapo\arm64\debug\delayapointerface_i.c
c:\win_driver_copy\audio\sysvad\apo\delayapo\arm64\debug\delayapointerface.h
c:\win_driver_copy\audio\sysvad\apo\delayapo\arm64\debug\delayapodll.res
c:\win_driver_copy\audio\sysvad\apo\delayapo\arm64\debug\delayapo.lib
c:\win_driver_copy\audio\sysvad\apo\delayapo\arm64\debug\delayapo.exp
c:\win_driver_copy\audio\sysvad\apo\delayapo\arm64\debug\delayapo.iobj
c:\win_driver_copy\audio\sysvad\apo\delayapo\arm64\debug\delayapo.tlog\cl.command.1.tlog
c:\win_driver_copy\audio\sysvad\apo\delayapo\arm64\debug\delayapo.tlog\cl.items.tlog
c:\win_driver_copy\audio\sysvad\apo\delayapo\arm64\debug\delayapo.tlog\cl.read.1.tlog
c:\win_driver_copy\audio\sysvad\apo\delayapo\arm64\debug\delayapo.tlog\cl.write.1.tlog
c:\win_driver_copy\audio\sysvad\apo\delayapo\arm64\debug\delayapo.tlog\link.command.1.tlog
c:\win_driver_copy\audio\sysvad\apo\delayapo\arm64\debug\delayapo.tlog\link.read.1.tlog
c:\win_driver_copy\audio\sysvad\apo\delayapo\arm64\debug\delayapo.tlog\link.secondary.1.tlog
c:\win_driver_copy\audio\sysvad\apo\delayapo\arm64\debug\delayapo.tlog\link.write.1.tlog
c:\win_driver_copy\audio\sysvad\apo\delayapo\arm64\debug\delayapo.tlog\midl.command.1.tlog
c:\win_driver_copy\audio\sysvad\apo\delayapo\arm64\debug\delayapo.tlog\midl.read.1.tlog
c:\win_driver_copy\audio\sysvad\apo\delayapo\arm64\debug\delayapo.tlog\midl.write.1.tlog
c:\win_driver_copy\audio\sysvad\apo\delayapo\arm64\debug\delayapo.tlog\rc.command.1.tlog
c:\win_driver_copy\audio\sysvad\apo\delayapo\arm64\debug\delayapo.tlog\rc.read.1.tlog
c:\win_driver_copy\audio\sysvad\apo\delayapo\arm64\debug\delayapo.tlog\rc.write.1.tlog
