c:\win_driver_copy\audio\sysvad\arm64\debug\package\sysvad.cat
c:\win_driver_copy\audio\sysvad\arm64\debug\package.cer
c:\win_driver_copy\audio\sysvad\package\arm64\debug\package.tlog\drvcat.command.1.tlog
c:\win_driver_copy\audio\sysvad\package\arm64\debug\package.tlog\drvcat.read.1.tlog
c:\win_driver_copy\audio\sysvad\package\arm64\debug\package.tlog\drvcat.write.1.tlog
c:\win_driver_copy\audio\sysvad\package\arm64\debug\package.tlog\inf2cat-expand.10908.read.1.tlog
c:\win_driver_copy\audio\sysvad\package\arm64\debug\package.tlog\inf2cat-expand.10908.write.1.tlog
c:\win_driver_copy\audio\sysvad\package\arm64\debug\package.tlog\inf2cat-expand.11444.read.1.tlog
c:\win_driver_copy\audio\sysvad\package\arm64\debug\package.tlog\inf2cat-expand.11444.write.1.tlog
c:\win_driver_copy\audio\sysvad\package\arm64\debug\package.tlog\inf2cat-expand.11632.read.1.tlog
c:\win_driver_copy\audio\sysvad\package\arm64\debug\package.tlog\inf2cat-expand.11632.write.1.tlog
c:\win_driver_copy\audio\sysvad\package\arm64\debug\package.tlog\inf2cat-expand.12224.read.1.tlog
c:\win_driver_copy\audio\sysvad\package\arm64\debug\package.tlog\inf2cat-expand.12224.write.1.tlog
c:\win_driver_copy\audio\sysvad\package\arm64\debug\package.tlog\inf2cat-expand.1488.read.1.tlog
c:\win_driver_copy\audio\sysvad\package\arm64\debug\package.tlog\inf2cat-expand.1488.write.1.tlog
c:\win_driver_copy\audio\sysvad\package\arm64\debug\package.tlog\inf2cat-expand.516.read.1.tlog
c:\win_driver_copy\audio\sysvad\package\arm64\debug\package.tlog\inf2cat-expand.516.write.1.tlog
c:\win_driver_copy\audio\sysvad\package\arm64\debug\package.tlog\inf2cat-expand.7408.read.1.tlog
c:\win_driver_copy\audio\sysvad\package\arm64\debug\package.tlog\inf2cat-expand.7408.write.1.tlog
c:\win_driver_copy\audio\sysvad\package\arm64\debug\package.tlog\inf2cat-expand.9060.read.1.tlog
c:\win_driver_copy\audio\sysvad\package\arm64\debug\package.tlog\inf2cat-expand.9060.write.1.tlog
c:\win_driver_copy\audio\sysvad\package\arm64\debug\package.tlog\inf2cat-expand.read.1.tlog
c:\win_driver_copy\audio\sysvad\package\arm64\debug\package.tlog\inf2cat-expand.write.1.tlog
c:\win_driver_copy\audio\sysvad\package\arm64\debug\package.tlog\inf2cat.command.1.tlog
c:\win_driver_copy\audio\sysvad\package\arm64\debug\package.tlog\inf2cat.read.1.tlog
c:\win_driver_copy\audio\sysvad\package\arm64\debug\package.tlog\inf2cat.write.1.tlog
c:\win_driver_copy\audio\sysvad\package\arm64\debug\package.tlog\signtool.command.1.tlog
c:\win_driver_copy\audio\sysvad\package\arm64\debug\package.tlog\signtool.read.1.tlog
c:\win_driver_copy\audio\sysvad\package\arm64\debug\package.tlog\signtool.timestamp.1.tlog
c:\win_driver_copy\audio\sysvad\package\arm64\debug\package.tlog\signtool.write.1.tlog
