c:\win_driver_copy\audio\sysvad\apo\swapapo\arm64\debug\vc143.pdb
c:\win_driver_copy\audio\sysvad\apo\swapapo\arm64\debug\swapaposfx.obj
c:\win_driver_copy\audio\sysvad\apo\swapapo\arm64\debug\swapapomfx.obj
c:\win_driver_copy\audio\sysvad\apo\swapapo\arm64\debug\swapapodll.obj
c:\win_driver_copy\audio\sysvad\apo\swapapo\arm64\debug\swap.obj
c:\win_driver_copy\audio\sysvad\apo\swapapo\arm64\debug\swapapo.dll
c:\win_driver_copy\audio\sysvad\apo\swapapo\arm64\debug\swapapo.pdb
c:\win_driver_copy\audio\sysvad\apo\swapapo\arm64\debug\swapapodll.tlb
c:\win_driver_copy\audio\sysvad\apo\swapapo\arm64\debug\swapapodll_i.c
c:\win_driver_copy\audio\sysvad\apo\swapapo\arm64\debug\swapapodll.h
c:\win_driver_copy\audio\sysvad\apo\swapapo\arm64\debug\swapapointerface_p.c
c:\win_driver_copy\audio\sysvad\apo\swapapo\arm64\debug\swapapointerface_i.c
c:\win_driver_copy\audio\sysvad\apo\swapapo\arm64\debug\swapapointerface.h
c:\win_driver_copy\audio\sysvad\apo\swapapo\arm64\debug\swapapodll.res
c:\win_driver_copy\audio\sysvad\apo\swapapo\arm64\debug\swapapo.lib
c:\win_driver_copy\audio\sysvad\apo\swapapo\arm64\debug\swapapo.exp
c:\win_driver_copy\audio\sysvad\apo\swapapo\arm64\debug\swapapo.iobj
c:\win_driver_copy\audio\sysvad\apo\swapapo\arm64\debug\swapapo.tlog\cl.command.1.tlog
c:\win_driver_copy\audio\sysvad\apo\swapapo\arm64\debug\swapapo.tlog\cl.items.tlog
c:\win_driver_copy\audio\sysvad\apo\swapapo\arm64\debug\swapapo.tlog\cl.read.1.tlog
c:\win_driver_copy\audio\sysvad\apo\swapapo\arm64\debug\swapapo.tlog\cl.write.1.tlog
c:\win_driver_copy\audio\sysvad\apo\swapapo\arm64\debug\swapapo.tlog\link.command.1.tlog
c:\win_driver_copy\audio\sysvad\apo\swapapo\arm64\debug\swapapo.tlog\link.read.1.tlog
c:\win_driver_copy\audio\sysvad\apo\swapapo\arm64\debug\swapapo.tlog\link.secondary.1.tlog
c:\win_driver_copy\audio\sysvad\apo\swapapo\arm64\debug\swapapo.tlog\link.write.1.tlog
c:\win_driver_copy\audio\sysvad\apo\swapapo\arm64\debug\swapapo.tlog\midl.command.1.tlog
c:\win_driver_copy\audio\sysvad\apo\swapapo\arm64\debug\swapapo.tlog\midl.read.1.tlog
c:\win_driver_copy\audio\sysvad\apo\swapapo\arm64\debug\swapapo.tlog\midl.write.1.tlog
c:\win_driver_copy\audio\sysvad\apo\swapapo\arm64\debug\swapapo.tlog\rc.command.1.tlog
c:\win_driver_copy\audio\sysvad\apo\swapapo\arm64\debug\swapapo.tlog\rc.read.1.tlog
c:\win_driver_copy\audio\sysvad\apo\swapapo\arm64\debug\swapapo.tlog\rc.write.1.tlog
