c:\win_driver_copy\audio\sysvad\endpointscommon\arm64\debug\endpointscommon.pdb
c:\win_driver_copy\audio\sysvad\endpointscommon\arm64\debug\usbhsspeakertopo.obj
c:\win_driver_copy\audio\sysvad\endpointscommon\arm64\debug\usbhsmictopo.obj
c:\win_driver_copy\audio\sysvad\endpointscommon\arm64\debug\usbhsminwavert.obj
c:\win_driver_copy\audio\sysvad\endpointscommon\arm64\debug\speakertopo.obj
c:\win_driver_copy\audio\sysvad\endpointscommon\arm64\debug\speakerhptopo.obj
c:\win_driver_copy\audio\sysvad\endpointscommon\arm64\debug\newdelete.obj
c:\win_driver_copy\audio\sysvad\endpointscommon\arm64\debug\minwavertstream.obj
c:\win_driver_copy\audio\sysvad\endpointscommon\arm64\debug\minwavert.obj
c:\win_driver_copy\audio\sysvad\endpointscommon\arm64\debug\mintopo.obj
c:\win_driver_copy\audio\sysvad\endpointscommon\arm64\debug\miniportstreamaudioenginenode.obj
c:\win_driver_copy\audio\sysvad\endpointscommon\arm64\debug\miniportaudioenginenode.obj
c:\win_driver_copy\audio\sysvad\endpointscommon\arm64\debug\micarraytopo.obj
c:\win_driver_copy\audio\sysvad\endpointscommon\arm64\debug\bthhfptopo.obj
c:\win_driver_copy\audio\sysvad\endpointscommon\arm64\debug\bthhfpspeakertopo.obj
c:\win_driver_copy\audio\sysvad\endpointscommon\arm64\debug\bthhfpminwavert.obj
c:\win_driver_copy\audio\sysvad\endpointscommon\arm64\debug\bthhfpmictopo.obj
c:\win_driver_copy\audio\sysvad\endpointscommon\arm64\debug\audiomodulehelper.obj
c:\win_driver_copy\audio\sysvad\endpointscommon\arm64\debug\a2dphptopo.obj
c:\win_driver_copy\audio\sysvad\endpointscommon\arm64\debug\a2dphpspeakertopo.obj
c:\win_driver_copy\audio\sysvad\endpointscommon\arm64\debug\a2dphpminwavert.obj
c:\win_driver_copy\audio\sysvad\endpointscommon\arm64\debug\usbhstopo.obj
c:\win_driver_copy\audio\sysvad\endpointscommon\arm64\debug\endpointscommon.lib
c:\win_driver_copy\audio\sysvad\endpointscommon\arm64\debug\endpointscommon.tlog\cl.command.1.tlog
c:\win_driver_copy\audio\sysvad\endpointscommon\arm64\debug\endpointscommon.tlog\cl.items.tlog
c:\win_driver_copy\audio\sysvad\endpointscommon\arm64\debug\endpointscommon.tlog\cl.read.1.tlog
c:\win_driver_copy\audio\sysvad\endpointscommon\arm64\debug\endpointscommon.tlog\cl.write.1.tlog
c:\win_driver_copy\audio\sysvad\endpointscommon\arm64\debug\endpointscommon.tlog\lib-link.write.1.tlog
c:\win_driver_copy\audio\sysvad\endpointscommon\arm64\debug\endpointscommon.tlog\lib.command.1.tlog
c:\win_driver_copy\audio\sysvad\endpointscommon\arm64\debug\endpointscommon.tlog\lib.read.1.tlog
