c:\win_driver_copy\audio\sysvad\apo\aecapo\arm64\release\vc143.pdb
c:\win_driver_copy\audio\sysvad\apo\aecapo\arm64\release\aecapomfx.obj
c:\win_driver_copy\audio\sysvad\apo\aecapo\arm64\release\aecapodll.obj
c:\win_driver_copy\audio\sysvad\apo\aecapo\arm64\release\aecapo.dll
c:\win_driver_copy\audio\sysvad\apo\aecapo\arm64\release\aecapo.pdb
c:\win_driver_copy\audio\sysvad\apo\aecapo\arm64\release\aecapodll.tlb
c:\win_driver_copy\audio\sysvad\apo\aecapo\arm64\release\aecapodll_i.c
c:\win_driver_copy\audio\sysvad\apo\aecapo\arm64\release\aecapodll.h
c:\win_driver_copy\audio\sysvad\apo\aecapo\arm64\release\aecapodll.res
c:\win_driver_copy\audio\sysvad\apo\aecapo\arm64\release\aecapo.lib
c:\win_driver_copy\audio\sysvad\apo\aecapo\arm64\release\aecapo.exp
c:\win_driver_copy\audio\sysvad\apo\aecapo\arm64\release\aecapo.iobj
c:\win_driver_copy\audio\sysvad\apo\aecapo\arm64\release\aecapo.tlog\cl.command.1.tlog
c:\win_driver_copy\audio\sysvad\apo\aecapo\arm64\release\aecapo.tlog\cl.items.tlog
c:\win_driver_copy\audio\sysvad\apo\aecapo\arm64\release\aecapo.tlog\cl.read.1.tlog
c:\win_driver_copy\audio\sysvad\apo\aecapo\arm64\release\aecapo.tlog\cl.write.1.tlog
c:\win_driver_copy\audio\sysvad\apo\aecapo\arm64\release\aecapo.tlog\link.command.1.tlog
c:\win_driver_copy\audio\sysvad\apo\aecapo\arm64\release\aecapo.tlog\link.read.1.tlog
c:\win_driver_copy\audio\sysvad\apo\aecapo\arm64\release\aecapo.tlog\link.secondary.1.tlog
c:\win_driver_copy\audio\sysvad\apo\aecapo\arm64\release\aecapo.tlog\link.write.1.tlog
c:\win_driver_copy\audio\sysvad\apo\aecapo\arm64\release\aecapo.tlog\midl.command.1.tlog
c:\win_driver_copy\audio\sysvad\apo\aecapo\arm64\release\aecapo.tlog\midl.read.1.tlog
c:\win_driver_copy\audio\sysvad\apo\aecapo\arm64\release\aecapo.tlog\midl.write.1.tlog
c:\win_driver_copy\audio\sysvad\apo\aecapo\arm64\release\aecapo.tlog\rc.command.1.tlog
c:\win_driver_copy\audio\sysvad\apo\aecapo\arm64\release\aecapo.tlog\rc.read.1.tlog
c:\win_driver_copy\audio\sysvad\apo\aecapo\arm64\release\aecapo.tlog\rc.write.1.tlog
