c:\win_driver_copy\audio\sysvad\endpointscommon\arm64\release\endpointscommon.pdb
c:\win_driver_copy\audio\sysvad\endpointscommon\arm64\release\usbhsspeakertopo.obj
c:\win_driver_copy\audio\sysvad\endpointscommon\arm64\release\usbhsmictopo.obj
c:\win_driver_copy\audio\sysvad\endpointscommon\arm64\release\usbhsminwavert.obj
c:\win_driver_copy\audio\sysvad\endpointscommon\arm64\release\speakertopo.obj
c:\win_driver_copy\audio\sysvad\endpointscommon\arm64\release\speakerhptopo.obj
c:\win_driver_copy\audio\sysvad\endpointscommon\arm64\release\newdelete.obj
c:\win_driver_copy\audio\sysvad\endpointscommon\arm64\release\minwavertstream.obj
c:\win_driver_copy\audio\sysvad\endpointscommon\arm64\release\minwavert.obj
c:\win_driver_copy\audio\sysvad\endpointscommon\arm64\release\mintopo.obj
c:\win_driver_copy\audio\sysvad\endpointscommon\arm64\release\miniportstreamaudioenginenode.obj
c:\win_driver_copy\audio\sysvad\endpointscommon\arm64\release\miniportaudioenginenode.obj
c:\win_driver_copy\audio\sysvad\endpointscommon\arm64\release\micarraytopo.obj
c:\win_driver_copy\audio\sysvad\endpointscommon\arm64\release\bthhfptopo.obj
c:\win_driver_copy\audio\sysvad\endpointscommon\arm64\release\bthhfpspeakertopo.obj
c:\win_driver_copy\audio\sysvad\endpointscommon\arm64\release\bthhfpminwavert.obj
c:\win_driver_copy\audio\sysvad\endpointscommon\arm64\release\bthhfpmictopo.obj
c:\win_driver_copy\audio\sysvad\endpointscommon\arm64\release\audiomodulehelper.obj
c:\win_driver_copy\audio\sysvad\endpointscommon\arm64\release\a2dphptopo.obj
c:\win_driver_copy\audio\sysvad\endpointscommon\arm64\release\a2dphpspeakertopo.obj
c:\win_driver_copy\audio\sysvad\endpointscommon\arm64\release\a2dphpminwavert.obj
c:\win_driver_copy\audio\sysvad\endpointscommon\arm64\release\usbhstopo.obj
c:\win_driver_copy\audio\sysvad\endpointscommon\arm64\release\endpointscommon.lib
c:\win_driver_copy\audio\sysvad\endpointscommon\arm64\release\endpointscommon.tlog\cl.command.1.tlog
c:\win_driver_copy\audio\sysvad\endpointscommon\arm64\release\endpointscommon.tlog\cl.items.tlog
c:\win_driver_copy\audio\sysvad\endpointscommon\arm64\release\endpointscommon.tlog\cl.read.1.tlog
c:\win_driver_copy\audio\sysvad\endpointscommon\arm64\release\endpointscommon.tlog\cl.write.1.tlog
c:\win_driver_copy\audio\sysvad\endpointscommon\arm64\release\endpointscommon.tlog\lib-link.write.1.tlog
c:\win_driver_copy\audio\sysvad\endpointscommon\arm64\release\endpointscommon.tlog\lib.command.1.tlog
c:\win_driver_copy\audio\sysvad\endpointscommon\arm64\release\endpointscommon.tlog\lib.read.1.tlog
