c:\win_driver_copy\audio\sysvad\apo\kwsapo\arm64\debug\vc143.pdb
c:\win_driver_copy\audio\sysvad\apo\kwsapo\arm64\debug\kwsapoefx.obj
c:\win_driver_copy\audio\sysvad\apo\kwsapo\arm64\debug\kwsapodll.obj
c:\win_driver_copy\audio\sysvad\apo\kwsapo\arm64\debug\kwsapo.obj
c:\win_driver_copy\audio\sysvad\apo\kwsapo\arm64\debug\kwsapo.dll
c:\win_driver_copy\audio\sysvad\apo\kwsapo\arm64\debug\kwsapo.pdb
c:\win_driver_copy\audio\sysvad\apo\kwsapo\arm64\debug\kwsapodll.tlb
c:\win_driver_copy\audio\sysvad\apo\kwsapo\arm64\debug\kwsapodll_i.c
c:\win_driver_copy\audio\sysvad\apo\kwsapo\arm64\debug\kwsapodll.h
c:\win_driver_copy\audio\sysvad\apo\kwsapo\arm64\debug\kwsapointerface_p.c
c:\win_driver_copy\audio\sysvad\apo\kwsapo\arm64\debug\kwsapointerface_i.c
c:\win_driver_copy\audio\sysvad\apo\kwsapo\arm64\debug\kwsapointerface.h
c:\win_driver_copy\audio\sysvad\apo\kwsapo\arm64\debug\kwsapodll.res
c:\win_driver_copy\audio\sysvad\apo\kwsapo\arm64\debug\kwsapo.lib
c:\win_driver_copy\audio\sysvad\apo\kwsapo\arm64\debug\kwsapo.exp
c:\win_driver_copy\audio\sysvad\apo\kwsapo\arm64\debug\kwsapo.iobj
c:\win_driver_copy\audio\sysvad\apo\kwsapo\arm64\debug\kwsapo.tlog\cl.command.1.tlog
c:\win_driver_copy\audio\sysvad\apo\kwsapo\arm64\debug\kwsapo.tlog\cl.items.tlog
c:\win_driver_copy\audio\sysvad\apo\kwsapo\arm64\debug\kwsapo.tlog\cl.read.1.tlog
c:\win_driver_copy\audio\sysvad\apo\kwsapo\arm64\debug\kwsapo.tlog\cl.write.1.tlog
c:\win_driver_copy\audio\sysvad\apo\kwsapo\arm64\debug\kwsapo.tlog\link.command.1.tlog
c:\win_driver_copy\audio\sysvad\apo\kwsapo\arm64\debug\kwsapo.tlog\link.read.1.tlog
c:\win_driver_copy\audio\sysvad\apo\kwsapo\arm64\debug\kwsapo.tlog\link.secondary.1.tlog
c:\win_driver_copy\audio\sysvad\apo\kwsapo\arm64\debug\kwsapo.tlog\link.write.1.tlog
c:\win_driver_copy\audio\sysvad\apo\kwsapo\arm64\debug\kwsapo.tlog\midl.command.1.tlog
c:\win_driver_copy\audio\sysvad\apo\kwsapo\arm64\debug\kwsapo.tlog\midl.read.1.tlog
c:\win_driver_copy\audio\sysvad\apo\kwsapo\arm64\debug\kwsapo.tlog\midl.write.1.tlog
c:\win_driver_copy\audio\sysvad\apo\kwsapo\arm64\debug\kwsapo.tlog\rc.command.1.tlog
c:\win_driver_copy\audio\sysvad\apo\kwsapo\arm64\debug\kwsapo.tlog\rc.read.1.tlog
c:\win_driver_copy\audio\sysvad\apo\kwsapo\arm64\debug\kwsapo.tlog\rc.write.1.tlog
