c:\win_driver_copy\audio\sysvad\apo\kwsapo\arm64\release\vc143.pdb
c:\win_driver_copy\audio\sysvad\apo\kwsapo\arm64\release\kwsapoefx.obj
c:\win_driver_copy\audio\sysvad\apo\kwsapo\arm64\release\kwsapodll.obj
c:\win_driver_copy\audio\sysvad\apo\kwsapo\arm64\release\kwsapo.obj
c:\win_driver_copy\audio\sysvad\apo\kwsapo\arm64\release\kwsapo.dll
c:\win_driver_copy\audio\sysvad\apo\kwsapo\arm64\release\kwsapo.pdb
c:\win_driver_copy\audio\sysvad\apo\kwsapo\arm64\release\kwsapodll.tlb
c:\win_driver_copy\audio\sysvad\apo\kwsapo\arm64\release\kwsapodll_i.c
c:\win_driver_copy\audio\sysvad\apo\kwsapo\arm64\release\kwsapodll.h
c:\win_driver_copy\audio\sysvad\apo\kwsapo\arm64\release\kwsapointerface_p.c
c:\win_driver_copy\audio\sysvad\apo\kwsapo\arm64\release\kwsapointerface_i.c
c:\win_driver_copy\audio\sysvad\apo\kwsapo\arm64\release\kwsapointerface.h
c:\win_driver_copy\audio\sysvad\apo\kwsapo\arm64\release\kwsapodll.res
c:\win_driver_copy\audio\sysvad\apo\kwsapo\arm64\release\kwsapo.lib
c:\win_driver_copy\audio\sysvad\apo\kwsapo\arm64\release\kwsapo.exp
c:\win_driver_copy\audio\sysvad\apo\kwsapo\arm64\release\kwsapo.iobj
c:\win_driver_copy\audio\sysvad\apo\kwsapo\arm64\release\kwsapo.tlog\cl.command.1.tlog
c:\win_driver_copy\audio\sysvad\apo\kwsapo\arm64\release\kwsapo.tlog\cl.items.tlog
c:\win_driver_copy\audio\sysvad\apo\kwsapo\arm64\release\kwsapo.tlog\cl.read.1.tlog
c:\win_driver_copy\audio\sysvad\apo\kwsapo\arm64\release\kwsapo.tlog\cl.write.1.tlog
c:\win_driver_copy\audio\sysvad\apo\kwsapo\arm64\release\kwsapo.tlog\link.command.1.tlog
c:\win_driver_copy\audio\sysvad\apo\kwsapo\arm64\release\kwsapo.tlog\link.read.1.tlog
c:\win_driver_copy\audio\sysvad\apo\kwsapo\arm64\release\kwsapo.tlog\link.secondary.1.tlog
c:\win_driver_copy\audio\sysvad\apo\kwsapo\arm64\release\kwsapo.tlog\link.write.1.tlog
c:\win_driver_copy\audio\sysvad\apo\kwsapo\arm64\release\kwsapo.tlog\midl.command.1.tlog
c:\win_driver_copy\audio\sysvad\apo\kwsapo\arm64\release\kwsapo.tlog\midl.read.1.tlog
c:\win_driver_copy\audio\sysvad\apo\kwsapo\arm64\release\kwsapo.tlog\midl.write.1.tlog
c:\win_driver_copy\audio\sysvad\apo\kwsapo\arm64\release\kwsapo.tlog\rc.command.1.tlog
c:\win_driver_copy\audio\sysvad\apo\kwsapo\arm64\release\kwsapo.tlog\rc.read.1.tlog
c:\win_driver_copy\audio\sysvad\apo\kwsapo\arm64\release\kwsapo.tlog\rc.write.1.tlog
