c:\win_driver_copy\audio\sysvad\apo\delayapo\arm64\release\vc143.pdb
c:\win_driver_copy\audio\sysvad\apo\delayapo\arm64\release\delayaposfx.obj
c:\win_driver_copy\audio\sysvad\apo\delayapo\arm64\release\delayapomfx.obj
c:\win_driver_copy\audio\sysvad\apo\delayapo\arm64\release\delayapodll.obj
c:\win_driver_copy\audio\sysvad\apo\delayapo\arm64\release\delay.obj
c:\win_driver_copy\audio\sysvad\apo\delayapo\arm64\release\delayapo.dll
c:\win_driver_copy\audio\sysvad\apo\delayapo\arm64\release\delayapo.pdb
c:\win_driver_copy\audio\sysvad\apo\delayapo\arm64\release\delayapodll.tlb
c:\win_driver_copy\audio\sysvad\apo\delayapo\arm64\release\delayapodll_i.c
c:\win_driver_copy\audio\sysvad\apo\delayapo\arm64\release\delayapodll.h
c:\win_driver_copy\audio\sysvad\apo\delayapo\arm64\release\delayapointerface_p.c
c:\win_driver_copy\audio\sysvad\apo\delayapo\arm64\release\delayapointerface_i.c
c:\win_driver_copy\audio\sysvad\apo\delayapo\arm64\release\delayapointerface.h
c:\win_driver_copy\audio\sysvad\apo\delayapo\arm64\release\delayapodll.res
c:\win_driver_copy\audio\sysvad\apo\delayapo\arm64\release\delayapo.lib
c:\win_driver_copy\audio\sysvad\apo\delayapo\arm64\release\delayapo.exp
c:\win_driver_copy\audio\sysvad\apo\delayapo\arm64\release\delayapo.iobj
c:\win_driver_copy\audio\sysvad\apo\delayapo\arm64\release\delayapo.tlog\cl.command.1.tlog
c:\win_driver_copy\audio\sysvad\apo\delayapo\arm64\release\delayapo.tlog\cl.items.tlog
c:\win_driver_copy\audio\sysvad\apo\delayapo\arm64\release\delayapo.tlog\cl.read.1.tlog
c:\win_driver_copy\audio\sysvad\apo\delayapo\arm64\release\delayapo.tlog\cl.write.1.tlog
c:\win_driver_copy\audio\sysvad\apo\delayapo\arm64\release\delayapo.tlog\link.command.1.tlog
c:\win_driver_copy\audio\sysvad\apo\delayapo\arm64\release\delayapo.tlog\link.read.1.tlog
c:\win_driver_copy\audio\sysvad\apo\delayapo\arm64\release\delayapo.tlog\link.secondary.1.tlog
c:\win_driver_copy\audio\sysvad\apo\delayapo\arm64\release\delayapo.tlog\link.write.1.tlog
c:\win_driver_copy\audio\sysvad\apo\delayapo\arm64\release\delayapo.tlog\midl.command.1.tlog
c:\win_driver_copy\audio\sysvad\apo\delayapo\arm64\release\delayapo.tlog\midl.read.1.tlog
c:\win_driver_copy\audio\sysvad\apo\delayapo\arm64\release\delayapo.tlog\midl.write.1.tlog
c:\win_driver_copy\audio\sysvad\apo\delayapo\arm64\release\delayapo.tlog\rc.command.1.tlog
c:\win_driver_copy\audio\sysvad\apo\delayapo\arm64\release\delayapo.tlog\rc.read.1.tlog
c:\win_driver_copy\audio\sysvad\apo\delayapo\arm64\release\delayapo.tlog\rc.write.1.tlog
