c:\win_driver_copy\audio\sysvad\tabletaudiosample\arm64\release\vc143.pdb
c:\win_driver_copy\audio\sysvad\tabletaudiosample\arm64\release\spdiftopo.obj
c:\win_driver_copy\audio\sysvad\tabletaudiosample\arm64\release\micintopo.obj
c:\win_driver_copy\audio\sysvad\tabletaudiosample\arm64\release\hdmitopo.obj
c:\win_driver_copy\audio\sysvad\tabletaudiosample\arm64\release\eq.obj
c:\win_driver_copy\audio\sysvad\tabletaudiosample\arm64\release\audioeqdispatch.obj
c:\win_driver_copy\audio\sysvad\tabletaudiosample\arm64\release\audioeqcontrol.obj
c:\win_driver_copy\audio\sysvad\tabletaudiosample\arm64\release\audiocontroldispatch.obj
c:\win_driver_copy\audio\sysvad\tabletaudiosample\arm64\release\audiocontrolcore.obj
c:\win_driver_copy\audio\sysvad\tabletaudiosample\arm64\release\usbhsdevice.obj
c:\win_driver_copy\audio\sysvad\tabletaudiosample\arm64\release\tonegenerator.obj
c:\win_driver_copy\audio\sysvad\tabletaudiosample\arm64\release\savedata.obj
c:\win_driver_copy\audio\sysvad\tabletaudiosample\arm64\release\kshelper.obj
c:\win_driver_copy\audio\sysvad\tabletaudiosample\arm64\release\hw.obj
c:\win_driver_copy\audio\sysvad\tabletaudiosample\arm64\release\common.obj
c:\win_driver_copy\audio\sysvad\tabletaudiosample\arm64\release\bthhfpdevice.obj
c:\win_driver_copy\audio\sysvad\tabletaudiosample\arm64\release\basetopo.obj
c:\win_driver_copy\audio\sysvad\tabletaudiosample\arm64\release\adapter.obj
c:\win_driver_copy\audio\sysvad\tabletaudiosample\arm64\release\a2dphpdevice.obj
c:\win_driver_copy\audio\sysvad\tabletaudiosample\arm64\release\tabletaudiosample.sys
c:\win_driver_copy\audio\sysvad\tabletaudiosample\arm64\release\tabletaudiosample.pdb
c:\win_driver_copy\audio\sysvad\tabletaudiosample\arm64\release\tabletaudiosample.res
c:\win_driver_copy\audio\sysvad\tabletaudiosample\arm64\release\componentizedaposample.inf
c:\win_driver_copy\audio\sysvad\tabletaudiosample\arm64\release\componentizedaudiosample.inf
c:\win_driver_copy\audio\sysvad\tabletaudiosample\arm64\release\componentizedaudiosampleextension.inf
c:\win_driver_copy\audio\sysvad\tabletaudiosample\arm64\release\tabletaudiosample.iobj
c:\win_driver_copy\audio\sysvad\tabletaudiosample\arm64\release\tabletau.e4df0eee.tlog\cl.command.1.tlog
c:\win_driver_copy\audio\sysvad\tabletaudiosample\arm64\release\tabletau.e4df0eee.tlog\cl.items.tlog
c:\win_driver_copy\audio\sysvad\tabletaudiosample\arm64\release\tabletau.e4df0eee.tlog\cl.read.1.tlog
c:\win_driver_copy\audio\sysvad\tabletaudiosample\arm64\release\tabletau.e4df0eee.tlog\cl.write.1.tlog
c:\win_driver_copy\audio\sysvad\tabletaudiosample\arm64\release\tabletau.e4df0eee.tlog\link.command.1.tlog
c:\win_driver_copy\audio\sysvad\tabletaudiosample\arm64\release\tabletau.e4df0eee.tlog\link.read.1.tlog
c:\win_driver_copy\audio\sysvad\tabletaudiosample\arm64\release\tabletau.e4df0eee.tlog\link.secondary.1.tlog
c:\win_driver_copy\audio\sysvad\tabletaudiosample\arm64\release\tabletau.e4df0eee.tlog\link.write.1.tlog
c:\win_driver_copy\audio\sysvad\tabletaudiosample\arm64\release\tabletau.e4df0eee.tlog\rc.command.1.tlog
c:\win_driver_copy\audio\sysvad\tabletaudiosample\arm64\release\tabletau.e4df0eee.tlog\rc.read.1.tlog
c:\win_driver_copy\audio\sysvad\tabletaudiosample\arm64\release\tabletau.e4df0eee.tlog\rc.write.1.tlog
c:\win_driver_copy\audio\sysvad\tabletaudiosample\arm64\release\tabletau.e4df0eee.tlog\signtool.command.1.tlog
c:\win_driver_copy\audio\sysvad\tabletaudiosample\arm64\release\tabletau.e4df0eee.tlog\signtool.read.1.tlog
c:\win_driver_copy\audio\sysvad\tabletaudiosample\arm64\release\tabletau.e4df0eee.tlog\signtool.timestamp.1.tlog
c:\win_driver_copy\audio\sysvad\tabletaudiosample\arm64\release\tabletau.e4df0eee.tlog\signtool.write.1.tlog
c:\win_driver_copy\audio\sysvad\tabletaudiosample\arm64\release\tabletau.e4df0eee.tlog\stampinf.command.1.tlog
c:\win_driver_copy\audio\sysvad\tabletaudiosample\arm64\release\tabletau.e4df0eee.tlog\stampinf.read.1.tlog
c:\win_driver_copy\audio\sysvad\tabletaudiosample\arm64\release\tabletau.e4df0eee.tlog\stampinf.write.1.tlog
